C:\USERS\FRANCIS\DOCUMENTS\LECTIONES\MMXIV VER\GRAPHICA\ILLUMINARE\DEBUG\ILLUMINARE.EXE
C:\USERS\FRANCIS\DOCUMENTS\LECTIONES\MMXIV VER\GRAPHICA\ILLUMINARE\DEBUG\ILLUMINARE.ILK
C:\USERS\FRANCIS\DOCUMENTS\LECTIONES\MMXIV VER\GRAPHICA\ILLUMINARE\DEBUG\ILLUMINARE.PDB
C:\USERS\FRANCIS\DOCUMENTS\LECTIONES\MMXIV VER\GRAPHICA\ILLUMINARE\ILLUMINARE\DEBUG\BASICS.OBJ
C:\USERS\FRANCIS\DOCUMENTS\LECTIONES\MMXIV VER\GRAPHICA\ILLUMINARE\ILLUMINARE\DEBUG\CAMERA.OBJ
C:\Users\Francis\Documents\Lectiones\MMXIV Ver\Graphica\illuminare\illuminare\Debug\cl.command.1.tlog
C:\Users\Francis\Documents\Lectiones\MMXIV Ver\Graphica\illuminare\illuminare\Debug\CL.read.1.tlog
C:\Users\Francis\Documents\Lectiones\MMXIV Ver\Graphica\illuminare\illuminare\Debug\CL.write.1.tlog
C:\USERS\FRANCIS\DOCUMENTS\LECTIONES\MMXIV VER\GRAPHICA\ILLUMINARE\ILLUMINARE\DEBUG\GEOMETRY.OBJ
C:\USERS\FRANCIS\DOCUMENTS\LECTIONES\MMXIV VER\GRAPHICA\ILLUMINARE\ILLUMINARE\DEBUG\ILLUMINARE.EXE.EMBED.MANIFEST
C:\USERS\FRANCIS\DOCUMENTS\LECTIONES\MMXIV VER\GRAPHICA\ILLUMINARE\ILLUMINARE\DEBUG\ILLUMINARE.EXE.EMBED.MANIFEST.RES
C:\USERS\FRANCIS\DOCUMENTS\LECTIONES\MMXIV VER\GRAPHICA\ILLUMINARE\ILLUMINARE\DEBUG\ILLUMINARE.EXE.INTERMEDIATE.MANIFEST
C:\Users\Francis\Documents\Lectiones\MMXIV Ver\Graphica\illuminare\illuminare\Debug\illuminare.vcxprojResolveAssemblyReference.cache
C:\Users\Francis\Documents\Lectiones\MMXIV Ver\Graphica\illuminare\illuminare\Debug\illuminare.write.1.tlog
C:\Users\Francis\Documents\Lectiones\MMXIV Ver\Graphica\illuminare\illuminare\Debug\illuminare_manifest.rc
C:\USERS\FRANCIS\DOCUMENTS\LECTIONES\MMXIV VER\GRAPHICA\ILLUMINARE\ILLUMINARE\DEBUG\INPUT.OBJ
C:\Users\Francis\Documents\Lectiones\MMXIV Ver\Graphica\illuminare\illuminare\Debug\link.10056.read.1.tlog
C:\Users\Francis\Documents\Lectiones\MMXIV Ver\Graphica\illuminare\illuminare\Debug\link.10056.write.1.tlog
C:\Users\Francis\Documents\Lectiones\MMXIV Ver\Graphica\illuminare\illuminare\Debug\link.10056-cvtres.read.1.tlog
C:\Users\Francis\Documents\Lectiones\MMXIV Ver\Graphica\illuminare\illuminare\Debug\link.10056-cvtres.write.1.tlog
C:\Users\Francis\Documents\Lectiones\MMXIV Ver\Graphica\illuminare\illuminare\Debug\link.10104.read.1.tlog
C:\Users\Francis\Documents\Lectiones\MMXIV Ver\Graphica\illuminare\illuminare\Debug\link.10104.write.1.tlog
C:\Users\Francis\Documents\Lectiones\MMXIV Ver\Graphica\illuminare\illuminare\Debug\link.10888.read.1.tlog
C:\Users\Francis\Documents\Lectiones\MMXIV Ver\Graphica\illuminare\illuminare\Debug\link.10888.write.1.tlog
C:\Users\Francis\Documents\Lectiones\MMXIV Ver\Graphica\illuminare\illuminare\Debug\link.10888-cvtres.read.1.tlog
C:\Users\Francis\Documents\Lectiones\MMXIV Ver\Graphica\illuminare\illuminare\Debug\link.10888-cvtres.write.1.tlog
C:\Users\Francis\Documents\Lectiones\MMXIV Ver\Graphica\illuminare\illuminare\Debug\link.11160.read.1.tlog
C:\Users\Francis\Documents\Lectiones\MMXIV Ver\Graphica\illuminare\illuminare\Debug\link.11160.write.1.tlog
C:\Users\Francis\Documents\Lectiones\MMXIV Ver\Graphica\illuminare\illuminare\Debug\link.11160-cvtres.read.1.tlog
C:\Users\Francis\Documents\Lectiones\MMXIV Ver\Graphica\illuminare\illuminare\Debug\link.11160-cvtres.write.1.tlog
C:\Users\Francis\Documents\Lectiones\MMXIV Ver\Graphica\illuminare\illuminare\Debug\link.11604.read.1.tlog
C:\Users\Francis\Documents\Lectiones\MMXIV Ver\Graphica\illuminare\illuminare\Debug\link.11604.write.1.tlog
C:\Users\Francis\Documents\Lectiones\MMXIV Ver\Graphica\illuminare\illuminare\Debug\link.11604-cvtres.read.1.tlog
C:\Users\Francis\Documents\Lectiones\MMXIV Ver\Graphica\illuminare\illuminare\Debug\link.11604-cvtres.write.1.tlog
C:\Users\Francis\Documents\Lectiones\MMXIV Ver\Graphica\illuminare\illuminare\Debug\link.11844.read.1.tlog
C:\Users\Francis\Documents\Lectiones\MMXIV Ver\Graphica\illuminare\illuminare\Debug\link.11844.write.1.tlog
C:\Users\Francis\Documents\Lectiones\MMXIV Ver\Graphica\illuminare\illuminare\Debug\link.11844-cvtres.read.1.tlog
C:\Users\Francis\Documents\Lectiones\MMXIV Ver\Graphica\illuminare\illuminare\Debug\link.11844-cvtres.write.1.tlog
C:\Users\Francis\Documents\Lectiones\MMXIV Ver\Graphica\illuminare\illuminare\Debug\link.11952.read.1.tlog
C:\Users\Francis\Documents\Lectiones\MMXIV Ver\Graphica\illuminare\illuminare\Debug\link.11952.write.1.tlog
C:\Users\Francis\Documents\Lectiones\MMXIV Ver\Graphica\illuminare\illuminare\Debug\link.11952-cvtres.read.1.tlog
C:\Users\Francis\Documents\Lectiones\MMXIV Ver\Graphica\illuminare\illuminare\Debug\link.11952-cvtres.write.1.tlog
C:\Users\Francis\Documents\Lectiones\MMXIV Ver\Graphica\illuminare\illuminare\Debug\link.1212.read.1.tlog
C:\Users\Francis\Documents\Lectiones\MMXIV Ver\Graphica\illuminare\illuminare\Debug\link.1212.write.1.tlog
C:\Users\Francis\Documents\Lectiones\MMXIV Ver\Graphica\illuminare\illuminare\Debug\link.1212-cvtres.read.1.tlog
C:\Users\Francis\Documents\Lectiones\MMXIV Ver\Graphica\illuminare\illuminare\Debug\link.1212-cvtres.write.1.tlog
C:\Users\Francis\Documents\Lectiones\MMXIV Ver\Graphica\illuminare\illuminare\Debug\link.12684.read.1.tlog
C:\Users\Francis\Documents\Lectiones\MMXIV Ver\Graphica\illuminare\illuminare\Debug\link.12684.write.1.tlog
C:\Users\Francis\Documents\Lectiones\MMXIV Ver\Graphica\illuminare\illuminare\Debug\link.12684-cvtres.read.1.tlog
C:\Users\Francis\Documents\Lectiones\MMXIV Ver\Graphica\illuminare\illuminare\Debug\link.12684-cvtres.write.1.tlog
C:\Users\Francis\Documents\Lectiones\MMXIV Ver\Graphica\illuminare\illuminare\Debug\link.13048.read.1.tlog
C:\Users\Francis\Documents\Lectiones\MMXIV Ver\Graphica\illuminare\illuminare\Debug\link.13048.write.1.tlog
C:\Users\Francis\Documents\Lectiones\MMXIV Ver\Graphica\illuminare\illuminare\Debug\link.13048-cvtres.read.1.tlog
C:\Users\Francis\Documents\Lectiones\MMXIV Ver\Graphica\illuminare\illuminare\Debug\link.13048-cvtres.write.1.tlog
C:\Users\Francis\Documents\Lectiones\MMXIV Ver\Graphica\illuminare\illuminare\Debug\link.13184.read.1.tlog
C:\Users\Francis\Documents\Lectiones\MMXIV Ver\Graphica\illuminare\illuminare\Debug\link.13184.write.1.tlog
C:\Users\Francis\Documents\Lectiones\MMXIV Ver\Graphica\illuminare\illuminare\Debug\link.13184-cvtres.read.1.tlog
C:\Users\Francis\Documents\Lectiones\MMXIV Ver\Graphica\illuminare\illuminare\Debug\link.13184-cvtres.write.1.tlog
C:\Users\Francis\Documents\Lectiones\MMXIV Ver\Graphica\illuminare\illuminare\Debug\link.13684.read.1.tlog
C:\Users\Francis\Documents\Lectiones\MMXIV Ver\Graphica\illuminare\illuminare\Debug\link.13684.write.1.tlog
C:\Users\Francis\Documents\Lectiones\MMXIV Ver\Graphica\illuminare\illuminare\Debug\link.13684-cvtres.read.1.tlog
C:\Users\Francis\Documents\Lectiones\MMXIV Ver\Graphica\illuminare\illuminare\Debug\link.13684-cvtres.write.1.tlog
C:\Users\Francis\Documents\Lectiones\MMXIV Ver\Graphica\illuminare\illuminare\Debug\link.14468.read.1.tlog
C:\Users\Francis\Documents\Lectiones\MMXIV Ver\Graphica\illuminare\illuminare\Debug\link.14468.write.1.tlog
C:\Users\Francis\Documents\Lectiones\MMXIV Ver\Graphica\illuminare\illuminare\Debug\link.14468-cvtres.read.1.tlog
C:\Users\Francis\Documents\Lectiones\MMXIV Ver\Graphica\illuminare\illuminare\Debug\link.14468-cvtres.write.1.tlog
C:\Users\Francis\Documents\Lectiones\MMXIV Ver\Graphica\illuminare\illuminare\Debug\link.14500.read.1.tlog
C:\Users\Francis\Documents\Lectiones\MMXIV Ver\Graphica\illuminare\illuminare\Debug\link.14500.write.1.tlog
C:\Users\Francis\Documents\Lectiones\MMXIV Ver\Graphica\illuminare\illuminare\Debug\link.14500-cvtres.read.1.tlog
C:\Users\Francis\Documents\Lectiones\MMXIV Ver\Graphica\illuminare\illuminare\Debug\link.14500-cvtres.write.1.tlog
C:\Users\Francis\Documents\Lectiones\MMXIV Ver\Graphica\illuminare\illuminare\Debug\link.14936.read.1.tlog
C:\Users\Francis\Documents\Lectiones\MMXIV Ver\Graphica\illuminare\illuminare\Debug\link.14936.write.1.tlog
C:\Users\Francis\Documents\Lectiones\MMXIV Ver\Graphica\illuminare\illuminare\Debug\link.14936-cvtres.read.1.tlog
C:\Users\Francis\Documents\Lectiones\MMXIV Ver\Graphica\illuminare\illuminare\Debug\link.14936-cvtres.write.1.tlog
C:\Users\Francis\Documents\Lectiones\MMXIV Ver\Graphica\illuminare\illuminare\Debug\link.15000.read.1.tlog
C:\Users\Francis\Documents\Lectiones\MMXIV Ver\Graphica\illuminare\illuminare\Debug\link.15000.write.1.tlog
C:\Users\Francis\Documents\Lectiones\MMXIV Ver\Graphica\illuminare\illuminare\Debug\link.15000-cvtres.read.1.tlog
C:\Users\Francis\Documents\Lectiones\MMXIV Ver\Graphica\illuminare\illuminare\Debug\link.15000-cvtres.write.1.tlog
C:\Users\Francis\Documents\Lectiones\MMXIV Ver\Graphica\illuminare\illuminare\Debug\link.15328.read.1.tlog
C:\Users\Francis\Documents\Lectiones\MMXIV Ver\Graphica\illuminare\illuminare\Debug\link.15328.write.1.tlog
C:\Users\Francis\Documents\Lectiones\MMXIV Ver\Graphica\illuminare\illuminare\Debug\link.15328-cvtres.read.1.tlog
C:\Users\Francis\Documents\Lectiones\MMXIV Ver\Graphica\illuminare\illuminare\Debug\link.15328-cvtres.write.1.tlog
C:\Users\Francis\Documents\Lectiones\MMXIV Ver\Graphica\illuminare\illuminare\Debug\link.16008.read.1.tlog
C:\Users\Francis\Documents\Lectiones\MMXIV Ver\Graphica\illuminare\illuminare\Debug\link.16008.write.1.tlog
C:\Users\Francis\Documents\Lectiones\MMXIV Ver\Graphica\illuminare\illuminare\Debug\link.16008-cvtres.read.1.tlog
C:\Users\Francis\Documents\Lectiones\MMXIV Ver\Graphica\illuminare\illuminare\Debug\link.16008-cvtres.write.1.tlog
C:\Users\Francis\Documents\Lectiones\MMXIV Ver\Graphica\illuminare\illuminare\Debug\link.16416.read.1.tlog
C:\Users\Francis\Documents\Lectiones\MMXIV Ver\Graphica\illuminare\illuminare\Debug\link.16416.write.1.tlog
C:\Users\Francis\Documents\Lectiones\MMXIV Ver\Graphica\illuminare\illuminare\Debug\link.16416-cvtres.read.1.tlog
C:\Users\Francis\Documents\Lectiones\MMXIV Ver\Graphica\illuminare\illuminare\Debug\link.16416-cvtres.write.1.tlog
C:\Users\Francis\Documents\Lectiones\MMXIV Ver\Graphica\illuminare\illuminare\Debug\link.1760.read.1.tlog
C:\Users\Francis\Documents\Lectiones\MMXIV Ver\Graphica\illuminare\illuminare\Debug\link.1760.write.1.tlog
C:\Users\Francis\Documents\Lectiones\MMXIV Ver\Graphica\illuminare\illuminare\Debug\link.1760-cvtres.read.1.tlog
C:\Users\Francis\Documents\Lectiones\MMXIV Ver\Graphica\illuminare\illuminare\Debug\link.1760-cvtres.write.1.tlog
C:\Users\Francis\Documents\Lectiones\MMXIV Ver\Graphica\illuminare\illuminare\Debug\link.1852.read.1.tlog
C:\Users\Francis\Documents\Lectiones\MMXIV Ver\Graphica\illuminare\illuminare\Debug\link.1852.write.1.tlog
C:\Users\Francis\Documents\Lectiones\MMXIV Ver\Graphica\illuminare\illuminare\Debug\link.1852-cvtres.read.1.tlog
C:\Users\Francis\Documents\Lectiones\MMXIV Ver\Graphica\illuminare\illuminare\Debug\link.1852-cvtres.write.1.tlog
C:\Users\Francis\Documents\Lectiones\MMXIV Ver\Graphica\illuminare\illuminare\Debug\link.20664.read.1.tlog
C:\Users\Francis\Documents\Lectiones\MMXIV Ver\Graphica\illuminare\illuminare\Debug\link.20664.write.1.tlog
C:\Users\Francis\Documents\Lectiones\MMXIV Ver\Graphica\illuminare\illuminare\Debug\link.20664-cvtres.read.1.tlog
C:\Users\Francis\Documents\Lectiones\MMXIV Ver\Graphica\illuminare\illuminare\Debug\link.20664-cvtres.write.1.tlog
C:\Users\Francis\Documents\Lectiones\MMXIV Ver\Graphica\illuminare\illuminare\Debug\link.21584.read.1.tlog
C:\Users\Francis\Documents\Lectiones\MMXIV Ver\Graphica\illuminare\illuminare\Debug\link.21584.write.1.tlog
C:\Users\Francis\Documents\Lectiones\MMXIV Ver\Graphica\illuminare\illuminare\Debug\link.21584-cvtres.read.1.tlog
C:\Users\Francis\Documents\Lectiones\MMXIV Ver\Graphica\illuminare\illuminare\Debug\link.21584-cvtres.write.1.tlog
C:\Users\Francis\Documents\Lectiones\MMXIV Ver\Graphica\illuminare\illuminare\Debug\link.22332.read.1.tlog
C:\Users\Francis\Documents\Lectiones\MMXIV Ver\Graphica\illuminare\illuminare\Debug\link.22332.write.1.tlog
C:\Users\Francis\Documents\Lectiones\MMXIV Ver\Graphica\illuminare\illuminare\Debug\link.22332-cvtres.read.1.tlog
C:\Users\Francis\Documents\Lectiones\MMXIV Ver\Graphica\illuminare\illuminare\Debug\link.22332-cvtres.write.1.tlog
C:\Users\Francis\Documents\Lectiones\MMXIV Ver\Graphica\illuminare\illuminare\Debug\link.22652.read.1.tlog
C:\Users\Francis\Documents\Lectiones\MMXIV Ver\Graphica\illuminare\illuminare\Debug\link.22652.write.1.tlog
C:\Users\Francis\Documents\Lectiones\MMXIV Ver\Graphica\illuminare\illuminare\Debug\link.22652-cvtres.read.1.tlog
C:\Users\Francis\Documents\Lectiones\MMXIV Ver\Graphica\illuminare\illuminare\Debug\link.22652-cvtres.write.1.tlog
C:\Users\Francis\Documents\Lectiones\MMXIV Ver\Graphica\illuminare\illuminare\Debug\link.24936.read.1.tlog
C:\Users\Francis\Documents\Lectiones\MMXIV Ver\Graphica\illuminare\illuminare\Debug\link.24936.write.1.tlog
C:\Users\Francis\Documents\Lectiones\MMXIV Ver\Graphica\illuminare\illuminare\Debug\link.24936-cvtres.read.1.tlog
C:\Users\Francis\Documents\Lectiones\MMXIV Ver\Graphica\illuminare\illuminare\Debug\link.24936-cvtres.write.1.tlog
C:\Users\Francis\Documents\Lectiones\MMXIV Ver\Graphica\illuminare\illuminare\Debug\link.25008.read.1.tlog
C:\Users\Francis\Documents\Lectiones\MMXIV Ver\Graphica\illuminare\illuminare\Debug\link.25008.write.1.tlog
C:\Users\Francis\Documents\Lectiones\MMXIV Ver\Graphica\illuminare\illuminare\Debug\link.25008-cvtres.read.1.tlog
C:\Users\Francis\Documents\Lectiones\MMXIV Ver\Graphica\illuminare\illuminare\Debug\link.25008-cvtres.write.1.tlog
C:\Users\Francis\Documents\Lectiones\MMXIV Ver\Graphica\illuminare\illuminare\Debug\link.25220.read.1.tlog
C:\Users\Francis\Documents\Lectiones\MMXIV Ver\Graphica\illuminare\illuminare\Debug\link.25220.write.1.tlog
C:\Users\Francis\Documents\Lectiones\MMXIV Ver\Graphica\illuminare\illuminare\Debug\link.25220-cvtres.read.1.tlog
C:\Users\Francis\Documents\Lectiones\MMXIV Ver\Graphica\illuminare\illuminare\Debug\link.25220-cvtres.write.1.tlog
C:\Users\Francis\Documents\Lectiones\MMXIV Ver\Graphica\illuminare\illuminare\Debug\link.26220.read.1.tlog
C:\Users\Francis\Documents\Lectiones\MMXIV Ver\Graphica\illuminare\illuminare\Debug\link.26220.write.1.tlog
C:\Users\Francis\Documents\Lectiones\MMXIV Ver\Graphica\illuminare\illuminare\Debug\link.26220-cvtres.read.1.tlog
C:\Users\Francis\Documents\Lectiones\MMXIV Ver\Graphica\illuminare\illuminare\Debug\link.26220-cvtres.write.1.tlog
C:\Users\Francis\Documents\Lectiones\MMXIV Ver\Graphica\illuminare\illuminare\Debug\link.27968.read.1.tlog
C:\Users\Francis\Documents\Lectiones\MMXIV Ver\Graphica\illuminare\illuminare\Debug\link.27968.write.1.tlog
C:\Users\Francis\Documents\Lectiones\MMXIV Ver\Graphica\illuminare\illuminare\Debug\link.27968-cvtres.read.1.tlog
C:\Users\Francis\Documents\Lectiones\MMXIV Ver\Graphica\illuminare\illuminare\Debug\link.27968-cvtres.write.1.tlog
C:\Users\Francis\Documents\Lectiones\MMXIV Ver\Graphica\illuminare\illuminare\Debug\link.29624.read.1.tlog
C:\Users\Francis\Documents\Lectiones\MMXIV Ver\Graphica\illuminare\illuminare\Debug\link.29624.write.1.tlog
C:\Users\Francis\Documents\Lectiones\MMXIV Ver\Graphica\illuminare\illuminare\Debug\link.29624-cvtres.read.1.tlog
C:\Users\Francis\Documents\Lectiones\MMXIV Ver\Graphica\illuminare\illuminare\Debug\link.29624-cvtres.write.1.tlog
C:\Users\Francis\Documents\Lectiones\MMXIV Ver\Graphica\illuminare\illuminare\Debug\link.3428.read.1.tlog
C:\Users\Francis\Documents\Lectiones\MMXIV Ver\Graphica\illuminare\illuminare\Debug\link.3428.write.1.tlog
C:\Users\Francis\Documents\Lectiones\MMXIV Ver\Graphica\illuminare\illuminare\Debug\link.3428-cvtres.read.1.tlog
C:\Users\Francis\Documents\Lectiones\MMXIV Ver\Graphica\illuminare\illuminare\Debug\link.3428-cvtres.write.1.tlog
C:\Users\Francis\Documents\Lectiones\MMXIV Ver\Graphica\illuminare\illuminare\Debug\link.40072.read.1.tlog
C:\Users\Francis\Documents\Lectiones\MMXIV Ver\Graphica\illuminare\illuminare\Debug\link.40072.write.1.tlog
C:\Users\Francis\Documents\Lectiones\MMXIV Ver\Graphica\illuminare\illuminare\Debug\link.40072-cvtres.read.1.tlog
C:\Users\Francis\Documents\Lectiones\MMXIV Ver\Graphica\illuminare\illuminare\Debug\link.40072-cvtres.write.1.tlog
C:\Users\Francis\Documents\Lectiones\MMXIV Ver\Graphica\illuminare\illuminare\Debug\link.5104.read.1.tlog
C:\Users\Francis\Documents\Lectiones\MMXIV Ver\Graphica\illuminare\illuminare\Debug\link.5104.write.1.tlog
C:\Users\Francis\Documents\Lectiones\MMXIV Ver\Graphica\illuminare\illuminare\Debug\link.5104-cvtres.read.1.tlog
C:\Users\Francis\Documents\Lectiones\MMXIV Ver\Graphica\illuminare\illuminare\Debug\link.5104-cvtres.write.1.tlog
C:\Users\Francis\Documents\Lectiones\MMXIV Ver\Graphica\illuminare\illuminare\Debug\link.5536.read.1.tlog
C:\Users\Francis\Documents\Lectiones\MMXIV Ver\Graphica\illuminare\illuminare\Debug\link.5536.write.1.tlog
C:\Users\Francis\Documents\Lectiones\MMXIV Ver\Graphica\illuminare\illuminare\Debug\link.5536-cvtres.read.1.tlog
C:\Users\Francis\Documents\Lectiones\MMXIV Ver\Graphica\illuminare\illuminare\Debug\link.5536-cvtres.write.1.tlog
C:\Users\Francis\Documents\Lectiones\MMXIV Ver\Graphica\illuminare\illuminare\Debug\link.58176.read.1.tlog
C:\Users\Francis\Documents\Lectiones\MMXIV Ver\Graphica\illuminare\illuminare\Debug\link.58176.write.1.tlog
C:\Users\Francis\Documents\Lectiones\MMXIV Ver\Graphica\illuminare\illuminare\Debug\link.58176-cvtres.read.1.tlog
C:\Users\Francis\Documents\Lectiones\MMXIV Ver\Graphica\illuminare\illuminare\Debug\link.58176-cvtres.write.1.tlog
C:\Users\Francis\Documents\Lectiones\MMXIV Ver\Graphica\illuminare\illuminare\Debug\link.6112.read.1.tlog
C:\Users\Francis\Documents\Lectiones\MMXIV Ver\Graphica\illuminare\illuminare\Debug\link.6112.write.1.tlog
C:\Users\Francis\Documents\Lectiones\MMXIV Ver\Graphica\illuminare\illuminare\Debug\link.6112-cvtres.read.1.tlog
C:\Users\Francis\Documents\Lectiones\MMXIV Ver\Graphica\illuminare\illuminare\Debug\link.6112-cvtres.write.1.tlog
C:\Users\Francis\Documents\Lectiones\MMXIV Ver\Graphica\illuminare\illuminare\Debug\link.6400.read.1.tlog
C:\Users\Francis\Documents\Lectiones\MMXIV Ver\Graphica\illuminare\illuminare\Debug\link.6400.write.1.tlog
C:\Users\Francis\Documents\Lectiones\MMXIV Ver\Graphica\illuminare\illuminare\Debug\link.6400-cvtres.read.1.tlog
C:\Users\Francis\Documents\Lectiones\MMXIV Ver\Graphica\illuminare\illuminare\Debug\link.6400-cvtres.write.1.tlog
C:\Users\Francis\Documents\Lectiones\MMXIV Ver\Graphica\illuminare\illuminare\Debug\link.6708.read.1.tlog
C:\Users\Francis\Documents\Lectiones\MMXIV Ver\Graphica\illuminare\illuminare\Debug\link.6708.write.1.tlog
C:\Users\Francis\Documents\Lectiones\MMXIV Ver\Graphica\illuminare\illuminare\Debug\link.6708-cvtres.read.1.tlog
C:\Users\Francis\Documents\Lectiones\MMXIV Ver\Graphica\illuminare\illuminare\Debug\link.6708-cvtres.write.1.tlog
C:\Users\Francis\Documents\Lectiones\MMXIV Ver\Graphica\illuminare\illuminare\Debug\link.7292.read.1.tlog
C:\Users\Francis\Documents\Lectiones\MMXIV Ver\Graphica\illuminare\illuminare\Debug\link.7292.write.1.tlog
C:\Users\Francis\Documents\Lectiones\MMXIV Ver\Graphica\illuminare\illuminare\Debug\link.7292-cvtres.read.1.tlog
C:\Users\Francis\Documents\Lectiones\MMXIV Ver\Graphica\illuminare\illuminare\Debug\link.7292-cvtres.write.1.tlog
C:\Users\Francis\Documents\Lectiones\MMXIV Ver\Graphica\illuminare\illuminare\Debug\link.7356.read.1.tlog
C:\Users\Francis\Documents\Lectiones\MMXIV Ver\Graphica\illuminare\illuminare\Debug\link.7356.write.1.tlog
C:\Users\Francis\Documents\Lectiones\MMXIV Ver\Graphica\illuminare\illuminare\Debug\link.7356-cvtres.read.1.tlog
C:\Users\Francis\Documents\Lectiones\MMXIV Ver\Graphica\illuminare\illuminare\Debug\link.7356-cvtres.write.1.tlog
C:\Users\Francis\Documents\Lectiones\MMXIV Ver\Graphica\illuminare\illuminare\Debug\link.7700.read.1.tlog
C:\Users\Francis\Documents\Lectiones\MMXIV Ver\Graphica\illuminare\illuminare\Debug\link.7700.write.1.tlog
C:\Users\Francis\Documents\Lectiones\MMXIV Ver\Graphica\illuminare\illuminare\Debug\link.7700-cvtres.read.1.tlog
C:\Users\Francis\Documents\Lectiones\MMXIV Ver\Graphica\illuminare\illuminare\Debug\link.7700-cvtres.write.1.tlog
C:\Users\Francis\Documents\Lectiones\MMXIV Ver\Graphica\illuminare\illuminare\Debug\link.7712.read.1.tlog
C:\Users\Francis\Documents\Lectiones\MMXIV Ver\Graphica\illuminare\illuminare\Debug\link.7712.write.1.tlog
C:\Users\Francis\Documents\Lectiones\MMXIV Ver\Graphica\illuminare\illuminare\Debug\link.7712-cvtres.read.1.tlog
C:\Users\Francis\Documents\Lectiones\MMXIV Ver\Graphica\illuminare\illuminare\Debug\link.7712-cvtres.write.1.tlog
C:\Users\Francis\Documents\Lectiones\MMXIV Ver\Graphica\illuminare\illuminare\Debug\link.776.read.1.tlog
C:\Users\Francis\Documents\Lectiones\MMXIV Ver\Graphica\illuminare\illuminare\Debug\link.776.write.1.tlog
C:\Users\Francis\Documents\Lectiones\MMXIV Ver\Graphica\illuminare\illuminare\Debug\link.776-cvtres.read.1.tlog
C:\Users\Francis\Documents\Lectiones\MMXIV Ver\Graphica\illuminare\illuminare\Debug\link.776-cvtres.write.1.tlog
C:\Users\Francis\Documents\Lectiones\MMXIV Ver\Graphica\illuminare\illuminare\Debug\link.7804.read.1.tlog
C:\Users\Francis\Documents\Lectiones\MMXIV Ver\Graphica\illuminare\illuminare\Debug\link.7804.write.1.tlog
C:\Users\Francis\Documents\Lectiones\MMXIV Ver\Graphica\illuminare\illuminare\Debug\link.7804-cvtres.read.1.tlog
C:\Users\Francis\Documents\Lectiones\MMXIV Ver\Graphica\illuminare\illuminare\Debug\link.7804-cvtres.write.1.tlog
C:\Users\Francis\Documents\Lectiones\MMXIV Ver\Graphica\illuminare\illuminare\Debug\link.796.read.1.tlog
C:\Users\Francis\Documents\Lectiones\MMXIV Ver\Graphica\illuminare\illuminare\Debug\link.796.write.1.tlog
C:\Users\Francis\Documents\Lectiones\MMXIV Ver\Graphica\illuminare\illuminare\Debug\link.796-cvtres.read.1.tlog
C:\Users\Francis\Documents\Lectiones\MMXIV Ver\Graphica\illuminare\illuminare\Debug\link.796-cvtres.write.1.tlog
C:\Users\Francis\Documents\Lectiones\MMXIV Ver\Graphica\illuminare\illuminare\Debug\link.8824.read.1.tlog
C:\Users\Francis\Documents\Lectiones\MMXIV Ver\Graphica\illuminare\illuminare\Debug\link.8824.write.1.tlog
C:\Users\Francis\Documents\Lectiones\MMXIV Ver\Graphica\illuminare\illuminare\Debug\link.8824-cvtres.read.1.tlog
C:\Users\Francis\Documents\Lectiones\MMXIV Ver\Graphica\illuminare\illuminare\Debug\link.8824-cvtres.write.1.tlog
C:\Users\Francis\Documents\Lectiones\MMXIV Ver\Graphica\illuminare\illuminare\Debug\link.9152.read.1.tlog
C:\Users\Francis\Documents\Lectiones\MMXIV Ver\Graphica\illuminare\illuminare\Debug\link.9152.write.1.tlog
C:\Users\Francis\Documents\Lectiones\MMXIV Ver\Graphica\illuminare\illuminare\Debug\link.9152-cvtres.read.1.tlog
C:\Users\Francis\Documents\Lectiones\MMXIV Ver\Graphica\illuminare\illuminare\Debug\link.9152-cvtres.write.1.tlog
C:\Users\Francis\Documents\Lectiones\MMXIV Ver\Graphica\illuminare\illuminare\Debug\link.9872.read.1.tlog
C:\Users\Francis\Documents\Lectiones\MMXIV Ver\Graphica\illuminare\illuminare\Debug\link.9872.write.1.tlog
C:\Users\Francis\Documents\Lectiones\MMXIV Ver\Graphica\illuminare\illuminare\Debug\link.9872-cvtres.read.1.tlog
C:\Users\Francis\Documents\Lectiones\MMXIV Ver\Graphica\illuminare\illuminare\Debug\link.9872-cvtres.write.1.tlog
C:\Users\Francis\Documents\Lectiones\MMXIV Ver\Graphica\illuminare\illuminare\Debug\link.command.1.tlog
C:\Users\Francis\Documents\Lectiones\MMXIV Ver\Graphica\illuminare\illuminare\Debug\link.read.1.tlog
C:\Users\Francis\Documents\Lectiones\MMXIV Ver\Graphica\illuminare\illuminare\Debug\link.write.1.tlog
C:\Users\Francis\Documents\Lectiones\MMXIV Ver\Graphica\illuminare\illuminare\Debug\link-cvtres.read.1.tlog
C:\Users\Francis\Documents\Lectiones\MMXIV Ver\Graphica\illuminare\illuminare\Debug\link-cvtres.write.1.tlog
C:\USERS\FRANCIS\DOCUMENTS\LECTIONES\MMXIV VER\GRAPHICA\ILLUMINARE\ILLUMINARE\DEBUG\LOCALLIGHT.OBJ
C:\USERS\FRANCIS\DOCUMENTS\LECTIONES\MMXIV VER\GRAPHICA\ILLUMINARE\ILLUMINARE\DEBUG\MAIN.OBJ
C:\Users\Francis\Documents\Lectiones\MMXIV Ver\Graphica\illuminare\illuminare\Debug\mt.command.1.tlog
C:\Users\Francis\Documents\Lectiones\MMXIV Ver\Graphica\illuminare\illuminare\Debug\mt.read.1.tlog
C:\Users\Francis\Documents\Lectiones\MMXIV Ver\Graphica\illuminare\illuminare\Debug\mt.write.1.tlog
C:\USERS\FRANCIS\DOCUMENTS\LECTIONES\MMXIV VER\GRAPHICA\ILLUMINARE\ILLUMINARE\DEBUG\OCTREE.OBJ
C:\USERS\FRANCIS\DOCUMENTS\LECTIONES\MMXIV VER\GRAPHICA\ILLUMINARE\ILLUMINARE\DEBUG\RAYTRACER.OBJ
C:\Users\Francis\Documents\Lectiones\MMXIV Ver\Graphica\illuminare\illuminare\Debug\rc.command.1.tlog
C:\Users\Francis\Documents\Lectiones\MMXIV Ver\Graphica\illuminare\illuminare\Debug\rc.read.1.tlog
C:\Users\Francis\Documents\Lectiones\MMXIV Ver\Graphica\illuminare\illuminare\Debug\rc.write.1.tlog
C:\USERS\FRANCIS\DOCUMENTS\LECTIONES\MMXIV VER\GRAPHICA\ILLUMINARE\ILLUMINARE\DEBUG\SCENE.OBJ
C:\USERS\FRANCIS\DOCUMENTS\LECTIONES\MMXIV VER\GRAPHICA\ILLUMINARE\ILLUMINARE\DEBUG\SIMPLEOBJECT.OBJ
C:\Users\Francis\Documents\Lectiones\MMXIV Ver\Graphica\illuminare\illuminare\Debug\vc100.idb
C:\USERS\FRANCIS\DOCUMENTS\LECTIONES\MMXIV VER\GRAPHICA\ILLUMINARE\ILLUMINARE\DEBUG\VC100.PDB
C:\USERS\FRANCIS\DOCUMENTS\LECTIONES\MMXIV VER\GRAPHICA\ILLUMINARE\ILLUMINARE\DEBUG\VEC3F.OBJ
