Build started 2014/7/2 23:43:16.
     1>Project "C:\Users\Francis\Documents\Lectiones\MMXIV Ver\Graphica\illuminare\illuminare\illuminare.vcxproj" on node 2 (build target(s)).
     1>InitializeBuildStatus:
         Creating "Debug\illuminare.unsuccessfulbuild" because "AlwaysCreate" was specified.
       ClCompile:
         C:\Program Files (x86)\Microsoft Visual Studio 10.0\VC\bin\CL.exe /c /I"C:\Program Files (x86)\OpenCV\opencv\build\include" /ZI /nologo /W3 /WX- /Od /Oy- /D WIN32 /D _DEBUG /D _CONSOLE /D _UNICODE /D UNICODE /Gm /EHsc /RTC1 /MDd /GS /fp:precise /Zc:wchar_t /Zc:forScope /Fo"Debug\\" /Fd"Debug\vc100.pdb" /Gd /TP /analyze- /errorReport:prompt main.cpp
         main.cpp
       ManifestResourceCompile:
         All outputs are up-to-date.
       Link:
         C:\Program Files (x86)\Microsoft Visual Studio 10.0\VC\bin\link.exe /ERRORREPORT:PROMPT /OUT:"C:\Users\Francis\Documents\Lectiones\MMXIV Ver\Graphica\illuminare\Debug\illuminare.exe" /INCREMENTAL /NOLOGO /LIBPATH:"C:\Program Files (x86)\OpenCV\opencv\build\x86\vc10\lib" opencv_core242d.lib opencv_imgproc242d.lib opencv_highgui242d.lib opencv_ml242d.lib opencv_video242d.lib opencv_features2d242d.lib opencv_calib3d242d.lib opencv_objdetect242d.lib opencv_contrib242d.lib opencv_legacy242d.lib opencv_flann242d.lib kernel32.lib user32.lib gdi32.lib winspool.lib comdlg32.lib advapi32.lib shell32.lib ole32.lib oleaut32.lib uuid.lib odbc32.lib odbccp32.lib /MANIFEST /ManifestFile:"Debug\illuminare.exe.intermediate.manifest" /MANIFESTUAC:"level='asInvoker' uiAccess='false'" /DEBUG /PDB:"C:\Users\Francis\Documents\Lectiones\MMXIV Ver\Graphica\illuminare\Debug\illuminare.pdb" /SUBSYSTEM:CONSOLE /TLBID:1 /DYNAMICBASE /NXCOMPAT /IMPLIB:"C:\Users\Francis\Documents\Lectiones\MMXIV Ver\Graphica\illuminare\Debug\illuminare.lib" /MACHINE:X86 Debug\illuminare.exe.embed.manifest.res
         Debug\Basics.obj
         Debug\Camera.obj
         Debug\Geometry.obj
         Debug\Input.obj
         Debug\LocalLight.obj
         Debug\main.obj
         Debug\Octree.obj
         Debug\RayTracer.obj
         Debug\Scene.obj
         Debug\SimpleObject.obj
         Debug\Vec3f.obj
       Manifest:
         C:\Program Files (x86)\Microsoft SDKs\Windows\v7.0A\bin\mt.exe /nologo /verbose /out:"Debug\illuminare.exe.embed.manifest" /manifest Debug\illuminare.exe.intermediate.manifest
         All outputs are up-to-date.
       LinkEmbedManifest:
         All outputs are up-to-date.
         illuminare.vcxproj -> C:\Users\Francis\Documents\Lectiones\MMXIV Ver\Graphica\illuminare\Debug\illuminare.exe
       FinalizeBuildStatus:
         Deleting file "Debug\illuminare.unsuccessfulbuild".
         Touching "Debug\illuminare.lastbuildstate".
     1>Done Building Project "C:\Users\Francis\Documents\Lectiones\MMXIV Ver\Graphica\illuminare\illuminare\illuminare.vcxproj" (build target(s)).

Build succeeded.

Time Elapsed 00:00:05.70
