Build started 2014/7/2 1:25:04.
     1>Project "C:\Users\Francis\Documents\Lectiones\MMXIV Ver\Graphica\illuminare\Videomaker\Videomaker.vcxproj" on node 2 (rebuild target(s)).
     1>_PrepareForClean:
         Deleting file "Debug\Videomaker.lastbuildstate".
       InitializeBuildStatus:
         Creating "Debug\Videomaker.unsuccessfulbuild" because "AlwaysCreate" was specified.
       ClCompile:
         C:\Program Files (x86)\Microsoft Visual Studio 10.0\VC\bin\CL.exe /c /ZI /nologo /W3 /WX- /Od /Oy- /D _MBCS /Gm /EHsc /RTC1 /MDd /GS /fp:precise /Zc:wchar_t /Zc:forScope /Fo"Debug\\" /Fd"Debug\vc100.pdb" /Gd /TP /analyze- /errorReport:prompt main.cpp
         main.cpp
     1>c:\users\francis\documents\lectiones\mmxiv ver\graphica\illuminare\videomaker\main.cpp(81): warning C4996: 'strcpy': This function or variable may be unsafe. Consider using strcpy_s instead. To disable deprecation, use _CRT_SECURE_NO_WARNINGS. See online help for details.
                 c:\program files (x86)\microsoft visual studio 10.0\vc\include\string.h(105) : see declaration of 'strcpy'
     1>c:\users\francis\documents\lectiones\mmxiv ver\graphica\illuminare\videomaker\main.cpp(82): warning C4996: 'strcat': This function or variable may be unsafe. Consider using strcat_s instead. To disable deprecation, use _CRT_SECURE_NO_WARNINGS. See online help for details.
                 c:\program files (x86)\microsoft visual studio 10.0\vc\include\string.h(110) : see declaration of 'strcat'
     1>c:\users\francis\documents\lectiones\mmxiv ver\graphica\illuminare\videomaker\main.cpp(83): warning C4996: 'itoa': The POSIX name for this item is deprecated. Instead, use the ISO C++ conformant name: _itoa. See online help for details.
                 c:\program files (x86)\microsoft visual studio 10.0\vc\include\stdlib.h(867) : see declaration of 'itoa'
     1>c:\users\francis\documents\lectiones\mmxiv ver\graphica\illuminare\videomaker\main.cpp(84): warning C4996: 'strcat': This function or variable may be unsafe. Consider using strcat_s instead. To disable deprecation, use _CRT_SECURE_NO_WARNINGS. See online help for details.
                 c:\program files (x86)\microsoft visual studio 10.0\vc\include\string.h(110) : see declaration of 'strcat'
       Link:
         C:\Program Files (x86)\Microsoft Visual Studio 10.0\VC\bin\link.exe /ERRORREPORT:PROMPT /OUT:"C:\Users\Francis\Documents\Lectiones\MMXIV Ver\Graphica\illuminare\Debug\Videomaker.exe" /NOLOGO kernel32.lib user32.lib gdi32.lib winspool.lib comdlg32.lib advapi32.lib shell32.lib ole32.lib oleaut32.lib uuid.lib odbc32.lib odbccp32.lib /MANIFEST /ManifestFile:"Debug\Videomaker.exe.intermediate.manifest" /MANIFESTUAC:"level='asInvoker' uiAccess='false'" /DEBUG /PDB:"C:\Users\Francis\Documents\Lectiones\MMXIV Ver\Graphica\illuminare\Debug\Videomaker.pdb" /TLBID:1 /DYNAMICBASE /NXCOMPAT /IMPLIB:"C:\Users\Francis\Documents\Lectiones\MMXIV Ver\Graphica\illuminare\Debug\Videomaker.lib" /MACHINE:X86 Debug\main.obj
         Videomaker.vcxproj -> C:\Users\Francis\Documents\Lectiones\MMXIV Ver\Graphica\illuminare\Debug\Videomaker.exe
       Manifest:
         C:\Program Files (x86)\Microsoft SDKs\Windows\v7.0A\bin\mt.exe /nologo /verbose /outputresource:"C:\Users\Francis\Documents\Lectiones\MMXIV Ver\Graphica\illuminare\Debug\Videomaker.exe;#1" /manifest Debug\Videomaker.exe.intermediate.manifest
       FinalizeBuildStatus:
         Deleting file "Debug\Videomaker.unsuccessfulbuild".
         Touching "Debug\Videomaker.lastbuildstate".
     1>Done Building Project "C:\Users\Francis\Documents\Lectiones\MMXIV Ver\Graphica\illuminare\Videomaker\Videomaker.vcxproj" (rebuild target(s)).

Build succeeded.

Time Elapsed 00:00:03.75
